DEBUG:enigma:Encrypting message 'RFKTMBXVVW'
DEBUG:enigma:Plug board 'R' to 'S'
DEBUG:enigma:Rotor 'III' turn 'Z' to 'A'
DEBUG:enigma:Encrypted RTL letter 'S' to 'G'
DEBUG:enigma:Encrypted RTL letter 'G' to 'R'
DEBUG:enigma:Encrypted RTL letter 'R' to 'U'
DEBUG:enigma:Encrypted LTR letter 'U' to 'C'
DEBUG:enigma:Encrypted LTR letter 'C' to 'Y'
DEBUG:enigma:Encrypted LTR letter 'Y' to 'V'
DEBUG:enigma:Encrypted LTR letter 'V' to 'L'
DEBUG:enigma:Rotor 'S' to 'L'
DEBUG:enigma:Plug board 'L' to 'H'

DEBUG:enigma:Plug board 'F' to 'F'
DEBUG:enigma:Rotor 'III' turn 'A' to 'B'
DEBUG:enigma:Encrypted RTL letter 'F' to 'B'
DEBUG:enigma:Encrypted RTL letter 'B' to 'J'
DEBUG:enigma:Encrypted RTL letter 'J' to 'Z'
DEBUG:enigma:Encrypted LTR letter 'Z' to 'T'
DEBUG:enigma:Encrypted LTR letter 'T' to 'L'
DEBUG:enigma:Encrypted LTR letter 'L' to 'K'
DEBUG:enigma:Encrypted LTR letter 'K' to 'E'
DEBUG:enigma:Rotor 'F' to 'E'
DEBUG:enigma:Plug board 'E' to 'E'

DEBUG:enigma:Plug board 'K' to 'P'
DEBUG:enigma:Rotor 'III' turn 'B' to 'C'
DEBUG:enigma:Encrypted RTL letter 'P' to 'U'
DEBUG:enigma:Encrypted RTL letter 'U' to 'P'
DEBUG:enigma:Encrypted RTL letter 'P' to 'H'
DEBUG:enigma:Encrypted LTR letter 'H' to 'D'
DEBUG:enigma:Encrypted LTR letter 'D' to 'G'
DEBUG:enigma:Encrypted LTR letter 'G' to 'R'
DEBUG:enigma:Encrypted LTR letter 'R' to 'H'
DEBUG:enigma:Rotor 'P' to 'H'
DEBUG:enigma:Plug board 'H' to 'L'

DEBUG:enigma:Plug board 'T' to 'T'
DEBUG:enigma:Rotor 'III' turn 'C' to 'D'
DEBUG:enigma:Encrypted RTL letter 'T' to 'R'
DEBUG:enigma:Encrypted RTL letter 'R' to 'G'
DEBUG:enigma:Encrypted RTL letter 'G' to 'D'
DEBUG:enigma:Encrypted LTR letter 'D' to 'H'
DEBUG:enigma:Encrypted LTR letter 'H' to 'P'
DEBUG:enigma:Encrypted LTR letter 'P' to 'U'
DEBUG:enigma:Encrypted LTR letter 'U' to 'H'
DEBUG:enigma:Rotor 'T' to 'H'
DEBUG:enigma:Plug board 'H' to 'L'

DEBUG:enigma:Plug board 'M' to 'O'
DEBUG:enigma:Rotor 'III' turn 'D' to 'E'
DEBUG:enigma:Encrypted RTL letter 'O' to 'C'
DEBUG:enigma:Encrypted RTL letter 'C' to 'D'
DEBUG:enigma:Encrypted RTL letter 'D' to 'F'
DEBUG:enigma:Encrypted LTR letter 'F' to 'S'
DEBUG:enigma:Encrypted LTR letter 'S' to 'S'
DEBUG:enigma:Encrypted LTR letter 'S' to 'E'
DEBUG:enigma:Encrypted LTR letter 'E' to 'M'
DEBUG:enigma:Rotor 'O' to 'M'
DEBUG:enigma:Plug board 'M' to 'O'

DEBUG:enigma:Plug board 'B' to 'Z'
DEBUG:enigma:Rotor 'III' turn 'E' to 'F'
DEBUG:enigma:Encrypted RTL letter 'Z' to 'E'
DEBUG:enigma:Encrypted RTL letter 'E' to 'S'
DEBUG:enigma:Encrypted RTL letter 'S' to 'S'
DEBUG:enigma:Encrypted LTR letter 'S' to 'F'
DEBUG:enigma:Encrypted LTR letter 'F' to 'D'
DEBUG:enigma:Encrypted LTR letter 'D' to 'C'
DEBUG:enigma:Encrypted LTR letter 'C' to 'Y'
DEBUG:enigma:Rotor 'Z' to 'Y'
DEBUG:enigma:Plug board 'Y' to 'W'

DEBUG:enigma:Plug board 'X' to 'C'
DEBUG:enigma:Rotor 'III' turn 'F' to 'G'
DEBUG:enigma:Encrypted RTL letter 'C' to 'L'
DEBUG:enigma:Encrypted RTL letter 'L' to 'H'
DEBUG:enigma:Encrypted RTL letter 'H' to 'Q'
DEBUG:enigma:Encrypted LTR letter 'Q' to 'E'
DEBUG:enigma:Encrypted LTR letter 'E' to 'A'
DEBUG:enigma:Encrypted LTR letter 'A' to 'A'
DEBUG:enigma:Encrypted LTR letter 'A' to 'M'
DEBUG:enigma:Rotor 'C' to 'M'
DEBUG:enigma:Plug board 'M' to 'O'

DEBUG:enigma:Plug board 'V' to 'V'
DEBUG:enigma:Rotor 'III' turn 'G' to 'H'
DEBUG:enigma:Encrypted RTL letter 'V' to 'Y'
DEBUG:enigma:Encrypted RTL letter 'Y' to 'O'
DEBUG:enigma:Encrypted RTL letter 'O' to 'Y'
DEBUG:enigma:Encrypted LTR letter 'Y' to 'A'
DEBUG:enigma:Encrypted LTR letter 'A' to 'U'
DEBUG:enigma:Encrypted LTR letter 'U' to 'H'
DEBUG:enigma:Encrypted LTR letter 'H' to 'S'
DEBUG:enigma:Rotor 'V' to 'S'
DEBUG:enigma:Plug board 'S' to 'R'

DEBUG:enigma:Plug board 'V' to 'V'
DEBUG:enigma:Rotor 'III' turn 'H' to 'I'
DEBUG:enigma:Encrypted RTL letter 'V' to 'Z'
DEBUG:enigma:Encrypted RTL letter 'Z' to 'E'
DEBUG:enigma:Encrypted RTL letter 'E' to 'L'
DEBUG:enigma:Encrypted LTR letter 'L' to 'G'
DEBUG:enigma:Encrypted LTR letter 'G' to 'F'
DEBUG:enigma:Encrypted LTR letter 'F' to 'W'
DEBUG:enigma:Encrypted LTR letter 'W' to 'H'
DEBUG:enigma:Rotor 'V' to 'H'
DEBUG:enigma:Plug board 'H' to 'L'

DEBUG:enigma:Plug board 'W' to 'Y'
DEBUG:enigma:Rotor 'III' turn 'I' to 'J'
DEBUG:enigma:Encrypted RTL letter 'Y' to 'G'
DEBUG:enigma:Encrypted RTL letter 'G' to 'R'
DEBUG:enigma:Encrypted RTL letter 'R' to 'U'
DEBUG:enigma:Encrypted LTR letter 'U' to 'C'
DEBUG:enigma:Encrypted LTR letter 'C' to 'Y'
DEBUG:enigma:Encrypted LTR letter 'Y' to 'V'
DEBUG:enigma:Encrypted LTR letter 'V' to 'G'
DEBUG:enigma:Rotor 'Y' to 'G'
DEBUG:enigma:Plug board 'G' to 'D'

DEBUG:enigma:Encrypted message 'HELLOWORLD'
DEBUG:enigma:Encrypting message 'BUPXWJCDPFASXBDHLBBIBSRNWCSZXQOLBNXYAXVHOGCUUIBCVMPUZYUUKHI'
DEBUG:enigma:Plug board 'B' to 'N'
DEBUG:enigma:Rotor 'I' turn 'P' to 'Q'
DEBUG:enigma:Encrypted RTL letter 'N' to 'X'
DEBUG:enigma:Encrypted RTL letter 'X' to 'A'
DEBUG:enigma:Encrypted RTL letter 'A' to 'Z'
DEBUG:enigma:Encrypted RTL letter 'Z' to 'E'
DEBUG:enigma:Encrypted LTR letter 'E' to 'A'
DEBUG:enigma:Encrypted LTR letter 'A' to 'D'
DEBUG:enigma:Encrypted LTR letter 'D' to 'U'
DEBUG:enigma:Encrypted LTR letter 'U' to 'Y'
DEBUG:enigma:Encrypted LTR letter 'Y' to 'P'
DEBUG:enigma:Rotor 'N' to 'P'
DEBUG:enigma:Plug board 'P' to 'C'

DEBUG:enigma:Plug board 'U' to 'I'
DEBUG:enigma:Rotor 'I' turn 'Q' to 'R'
DEBUG:enigma:Rotor 'I' trigger next turnover
DEBUG:enigma:Rotor 'Beta' turn 'G' to 'H'
DEBUG:enigma:Encrypted RTL letter 'I' to 'V'
DEBUG:enigma:Encrypted RTL letter 'V' to 'G'
DEBUG:enigma:Encrypted RTL letter 'G' to 'S'
DEBUG:enigma:Encrypted RTL letter 'S' to 'M'
DEBUG:enigma:Encrypted LTR letter 'M' to 'C'
DEBUG:enigma:Encrypted LTR letter 'C' to 'R'
DEBUG:enigma:Encrypted LTR letter 'R' to 'E'
DEBUG:enigma:Encrypted LTR letter 'E' to 'Y'
DEBUG:enigma:Encrypted LTR letter 'Y' to 'R'
DEBUG:enigma:Rotor 'I' to 'R'
DEBUG:enigma:Plug board 'R' to 'O'

DEBUG:enigma:Plug board 'P' to 'C'
DEBUG:enigma:Rotor 'I' turn 'R' to 'S'
DEBUG:enigma:Encrypted RTL letter 'C' to 'J'
DEBUG:enigma:Encrypted RTL letter 'J' to 'Y'
DEBUG:enigma:Encrypted RTL letter 'Y' to 'T'
DEBUG:enigma:Encrypted RTL letter 'T' to 'W'
DEBUG:enigma:Encrypted LTR letter 'W' to 'K'
DEBUG:enigma:Encrypted LTR letter 'K' to 'B'
DEBUG:enigma:Encrypted LTR letter 'B' to 'J'
DEBUG:enigma:Encrypted LTR letter 'J' to 'T'
DEBUG:enigma:Encrypted LTR letter 'T' to 'B'
DEBUG:enigma:Rotor 'C' to 'B'
DEBUG:enigma:Plug board 'B' to 'N'

DEBUG:enigma:Plug board 'X' to 'Z'
DEBUG:enigma:Rotor 'I' turn 'S' to 'T'
DEBUG:enigma:Encrypted RTL letter 'Z' to 'J'
DEBUG:enigma:Encrypted RTL letter 'J' to 'Y'
DEBUG:enigma:Encrypted RTL letter 'Y' to 'T'
DEBUG:enigma:Encrypted RTL letter 'T' to 'W'
DEBUG:enigma:Encrypted LTR letter 'W' to 'K'
DEBUG:enigma:Encrypted LTR letter 'K' to 'B'
DEBUG:enigma:Encrypted LTR letter 'B' to 'J'
DEBUG:enigma:Encrypted LTR letter 'J' to 'T'
DEBUG:enigma:Encrypted LTR letter 'T' to 'G'
DEBUG:enigma:Rotor 'Z' to 'G'
DEBUG:enigma:Plug board 'G' to 'G'

DEBUG:enigma:Plug board 'W' to 'W'
DEBUG:enigma:Rotor 'I' turn 'T' to 'U'
DEBUG:enigma:Encrypted RTL letter 'W' to 'Y'
DEBUG:enigma:Encrypted RTL letter 'Y' to 'E'
DEBUG:enigma:Encrypted RTL letter 'E' to 'R'
DEBUG:enigma:Encrypted RTL letter 'R' to 'C'
DEBUG:enigma:Encrypted LTR letter 'C' to 'M'
DEBUG:enigma:Encrypted LTR letter 'M' to 'S'
DEBUG:enigma:Encrypted LTR letter 'S' to 'G'
DEBUG:enigma:Encrypted LTR letter 'G' to 'V'
DEBUG:enigma:Encrypted LTR letter 'V' to 'O'
DEBUG:enigma:Rotor 'W' to 'O'
DEBUG:enigma:Plug board 'O' to 'R'

DEBUG:enigma:Plug board 'J' to 'J'
DEBUG:enigma:Rotor 'I' turn 'U' to 'V'
DEBUG:enigma:Encrypted RTL letter 'J' to 'N'
DEBUG:enigma:Encrypted RTL letter 'N' to 'F'
DEBUG:enigma:Encrypted RTL letter 'F' to 'W'
DEBUG:enigma:Encrypted RTL letter 'W' to 'D'
DEBUG:enigma:Encrypted LTR letter 'D' to 'Z'
DEBUG:enigma:Encrypted LTR letter 'Z' to 'K'
DEBUG:enigma:Encrypted LTR letter 'K' to 'Q'
DEBUG:enigma:Encrypted LTR letter 'Q' to 'Z'
DEBUG:enigma:Encrypted LTR letter 'Z' to 'Q'
DEBUG:enigma:Rotor 'J' to 'Q'
DEBUG:enigma:Plug board 'Q' to 'A'

DEBUG:enigma:Plug board 'C' to 'P'
DEBUG:enigma:Rotor 'I' turn 'V' to 'W'
DEBUG:enigma:Encrypted RTL letter 'P' to 'Y'
DEBUG:enigma:Encrypted RTL letter 'Y' to 'E'
DEBUG:enigma:Encrypted RTL letter 'E' to 'R'
DEBUG:enigma:Encrypted RTL letter 'R' to 'C'
DEBUG:enigma:Encrypted LTR letter 'C' to 'M'
DEBUG:enigma:Encrypted LTR letter 'M' to 'S'
DEBUG:enigma:Encrypted LTR letter 'S' to 'G'
DEBUG:enigma:Encrypted LTR letter 'G' to 'V'
DEBUG:enigma:Encrypted LTR letter 'V' to 'S'
DEBUG:enigma:Rotor 'P' to 'S'
DEBUG:enigma:Plug board 'S' to 'T'

DEBUG:enigma:Plug board 'D' to 'D'
DEBUG:enigma:Rotor 'I' turn 'W' to 'X'
DEBUG:enigma:Encrypted RTL letter 'D' to 'I'
DEBUG:enigma:Encrypted RTL letter 'I' to 'H'
DEBUG:enigma:Encrypted RTL letter 'H' to 'N'
DEBUG:enigma:Encrypted RTL letter 'N' to 'R'
DEBUG:enigma:Encrypted LTR letter 'R' to 'N'
DEBUG:enigma:Encrypted LTR letter 'N' to 'U'
DEBUG:enigma:Encrypted LTR letter 'U' to 'P'
DEBUG:enigma:Encrypted LTR letter 'P' to 'R'
DEBUG:enigma:Encrypted LTR letter 'R' to 'I'
DEBUG:enigma:Rotor 'D' to 'I'
DEBUG:enigma:Plug board 'I' to 'U'

DEBUG:enigma:Plug board 'P' to 'C'
DEBUG:enigma:Rotor 'I' turn 'X' to 'Y'
DEBUG:enigma:Encrypted RTL letter 'C' to 'H'
DEBUG:enigma:Encrypted RTL letter 'H' to 'L'
DEBUG:enigma:Encrypted RTL letter 'L' to 'F'
DEBUG:enigma:Encrypted RTL letter 'F' to 'G'
DEBUG:enigma:Encrypted LTR letter 'G' to 'Y'
DEBUG:enigma:Encrypted LTR letter 'Y' to 'C'
DEBUG:enigma:Encrypted LTR letter 'C' to 'V'
DEBUG:enigma:Encrypted LTR letter 'V' to 'M'
DEBUG:enigma:Encrypted LTR letter 'M' to 'L'
DEBUG:enigma:Rotor 'C' to 'L'
DEBUG:enigma:Plug board 'L' to 'L'

DEBUG:enigma:Plug board 'F' to 'M'
DEBUG:enigma:Rotor 'I' turn 'Y' to 'Z'
DEBUG:enigma:Encrypted RTL letter 'M' to 'V'
DEBUG:enigma:Encrypted RTL letter 'V' to 'G'
DEBUG:enigma:Encrypted RTL letter 'G' to 'S'
DEBUG:enigma:Encrypted RTL letter 'S' to 'M'
DEBUG:enigma:Encrypted LTR letter 'M' to 'C'
DEBUG:enigma:Encrypted LTR letter 'C' to 'R'
DEBUG:enigma:Encrypted LTR letter 'R' to 'E'
DEBUG:enigma:Encrypted LTR letter 'E' to 'Y'
DEBUG:enigma:Encrypted LTR letter 'Y' to 'Q'
DEBUG:enigma:Rotor 'M' to 'Q'
DEBUG:enigma:Plug board 'Q' to 'A'

DEBUG:enigma:Plug board 'A' to 'Q'
DEBUG:enigma:Rotor 'I' turn 'Z' to 'A'
DEBUG:enigma:Encrypted RTL letter 'Q' to 'S'
DEBUG:enigma:Encrypted RTL letter 'S' to 'C'
DEBUG:enigma:Encrypted RTL letter 'C' to 'E'
DEBUG:enigma:Encrypted RTL letter 'E' to 'S'
DEBUG:enigma:Encrypted LTR letter 'S' to 'T'
DEBUG:enigma:Encrypted LTR letter 'T' to 'G'
DEBUG:enigma:Encrypted LTR letter 'G' to 'D'
DEBUG:enigma:Encrypted LTR letter 'D' to 'C'
DEBUG:enigma:Encrypted LTR letter 'C' to 'S'
DEBUG:enigma:Rotor 'Q' to 'S'
DEBUG:enigma:Plug board 'S' to 'T'

DEBUG:enigma:Plug board 'S' to 'T'
DEBUG:enigma:Rotor 'I' turn 'A' to 'B'
DEBUG:enigma:Encrypted RTL letter 'T' to 'A'
DEBUG:enigma:Encrypted RTL letter 'A' to 'X'
DEBUG:enigma:Encrypted RTL letter 'X' to 'I'
DEBUG:enigma:Encrypted RTL letter 'I' to 'Q'
DEBUG:enigma:Encrypted LTR letter 'Q' to 'O'
DEBUG:enigma:Encrypted LTR letter 'O' to 'M'
DEBUG:enigma:Encrypted LTR letter 'M' to 'T'
DEBUG:enigma:Encrypted LTR letter 'T' to 'X'
DEBUG:enigma:Encrypted LTR letter 'X' to 'U'
DEBUG:enigma:Rotor 'T' to 'U'
DEBUG:enigma:Plug board 'U' to 'I'

DEBUG:enigma:Plug board 'X' to 'Z'
DEBUG:enigma:Rotor 'I' turn 'B' to 'C'
DEBUG:enigma:Encrypted RTL letter 'Z' to 'T'
DEBUG:enigma:Encrypted RTL letter 'T' to 'J'
DEBUG:enigma:Encrypted RTL letter 'J' to 'B'
DEBUG:enigma:Encrypted RTL letter 'B' to 'K'
DEBUG:enigma:Encrypted LTR letter 'K' to 'W'
DEBUG:enigma:Encrypted LTR letter 'W' to 'T'
DEBUG:enigma:Encrypted LTR letter 'T' to 'Y'
DEBUG:enigma:Encrypted LTR letter 'Y' to 'J'
DEBUG:enigma:Encrypted LTR letter 'J' to 'R'
DEBUG:enigma:Rotor 'Z' to 'R'
DEBUG:enigma:Plug board 'R' to 'O'

DEBUG:enigma:Plug board 'B' to 'N'
DEBUG:enigma:Rotor 'I' turn 'C' to 'D'
DEBUG:enigma:Encrypted RTL letter 'N' to 'P'
DEBUG:enigma:Encrypted RTL letter 'P' to 'B'
DEBUG:enigma:Encrypted RTL letter 'B' to 'P'
DEBUG:enigma:Encrypted RTL letter 'P' to 'B'
DEBUG:enigma:Encrypted LTR letter 'B' to 'J'
DEBUG:enigma:Encrypted LTR letter 'J' to 'L'
DEBUG:enigma:Encrypted LTR letter 'L' to 'K'
DEBUG:enigma:Encrypted LTR letter 'K' to 'F'
DEBUG:enigma:Encrypted LTR letter 'F' to 'B'
DEBUG:enigma:Rotor 'N' to 'B'
DEBUG:enigma:Plug board 'B' to 'N'

DEBUG:enigma:Plug board 'D' to 'D'
DEBUG:enigma:Rotor 'I' turn 'D' to 'E'
DEBUG:enigma:Encrypted RTL letter 'D' to 'F'
DEBUG:enigma:Encrypted RTL letter 'F' to 'K'
DEBUG:enigma:Encrypted RTL letter 'K' to 'L'
DEBUG:enigma:Encrypted RTL letter 'L' to 'J'
DEBUG:enigma:Encrypted LTR letter 'J' to 'B'
DEBUG:enigma:Encrypted LTR letter 'B' to 'P'
DEBUG:enigma:Encrypted LTR letter 'P' to 'B'
DEBUG:enigma:Encrypted LTR letter 'B' to 'P'
DEBUG:enigma:Encrypted LTR letter 'P' to 'T'
DEBUG:enigma:Rotor 'D' to 'T'
DEBUG:enigma:Plug board 'T' to 'S'

DEBUG:enigma:Plug board 'H' to 'Y'
DEBUG:enigma:Rotor 'I' turn 'E' to 'F'
DEBUG:enigma:Encrypted RTL letter 'Y' to 'I'
DEBUG:enigma:Encrypted RTL letter 'I' to 'H'
DEBUG:enigma:Encrypted RTL letter 'H' to 'N'
DEBUG:enigma:Encrypted RTL letter 'N' to 'R'
DEBUG:enigma:Encrypted LTR letter 'R' to 'N'
DEBUG:enigma:Encrypted LTR letter 'N' to 'U'
DEBUG:enigma:Encrypted LTR letter 'U' to 'P'
DEBUG:enigma:Encrypted LTR letter 'P' to 'R'
DEBUG:enigma:Encrypted LTR letter 'R' to 'R'
DEBUG:enigma:Rotor 'Y' to 'R'
DEBUG:enigma:Plug board 'R' to 'O'

DEBUG:enigma:Plug board 'L' to 'L'
DEBUG:enigma:Rotor 'I' turn 'F' to 'G'
DEBUG:enigma:Encrypted RTL letter 'L' to 'U'
DEBUG:enigma:Encrypted RTL letter 'U' to 'N'
DEBUG:enigma:Encrypted RTL letter 'N' to 'V'
DEBUG:enigma:Encrypted RTL letter 'V' to 'L'
DEBUG:enigma:Encrypted LTR letter 'L' to 'F'
DEBUG:enigma:Encrypted LTR letter 'F' to 'O'
DEBUG:enigma:Encrypted LTR letter 'O' to 'S'
DEBUG:enigma:Encrypted LTR letter 'S' to 'D'
DEBUG:enigma:Encrypted LTR letter 'D' to 'B'
DEBUG:enigma:Rotor 'L' to 'B'
DEBUG:enigma:Plug board 'B' to 'N'

DEBUG:enigma:Plug board 'B' to 'N'
DEBUG:enigma:Rotor 'I' turn 'G' to 'H'
DEBUG:enigma:Encrypted RTL letter 'N' to 'U'
DEBUG:enigma:Encrypted RTL letter 'U' to 'N'
DEBUG:enigma:Encrypted RTL letter 'N' to 'V'
DEBUG:enigma:Encrypted RTL letter 'V' to 'L'
DEBUG:enigma:Encrypted LTR letter 'L' to 'F'
DEBUG:enigma:Encrypted LTR letter 'F' to 'O'
DEBUG:enigma:Encrypted LTR letter 'O' to 'S'
DEBUG:enigma:Encrypted LTR letter 'S' to 'D'
DEBUG:enigma:Encrypted LTR letter 'D' to 'C'
DEBUG:enigma:Rotor 'N' to 'C'
DEBUG:enigma:Plug board 'C' to 'P'

DEBUG:enigma:Plug board 'B' to 'N'
DEBUG:enigma:Rotor 'I' turn 'H' to 'I'
DEBUG:enigma:Encrypted RTL letter 'N' to 'Q'
DEBUG:enigma:Encrypted RTL letter 'Q' to 'A'
DEBUG:enigma:Encrypted RTL letter 'A' to 'Z'
DEBUG:enigma:Encrypted RTL letter 'Z' to 'E'
DEBUG:enigma:Encrypted LTR letter 'E' to 'A'
DEBUG:enigma:Encrypted LTR letter 'A' to 'D'
DEBUG:enigma:Encrypted LTR letter 'D' to 'U'
DEBUG:enigma:Encrypted LTR letter 'U' to 'O'
DEBUG:enigma:Encrypted LTR letter 'O' to 'O'
DEBUG:enigma:Rotor 'N' to 'O'
DEBUG:enigma:Plug board 'O' to 'R'

DEBUG:enigma:Plug board 'I' to 'U'
DEBUG:enigma:Rotor 'I' turn 'I' to 'J'
DEBUG:enigma:Encrypted RTL letter 'U' to 'E'
DEBUG:enigma:Encrypted RTL letter 'E' to 'R'
DEBUG:enigma:Encrypted RTL letter 'R' to 'H'
DEBUG:enigma:Encrypted RTL letter 'H' to 'X'
DEBUG:enigma:Encrypted LTR letter 'X' to 'H'
DEBUG:enigma:Encrypted LTR letter 'H' to 'X'
DEBUG:enigma:Encrypted LTR letter 'X' to 'Z'
DEBUG:enigma:Encrypted LTR letter 'Z' to 'W'
DEBUG:enigma:Encrypted LTR letter 'W' to 'R'
DEBUG:enigma:Rotor 'U' to 'R'
DEBUG:enigma:Plug board 'R' to 'O'

DEBUG:enigma:Plug board 'B' to 'N'
DEBUG:enigma:Rotor 'I' turn 'J' to 'K'
DEBUG:enigma:Encrypted RTL letter 'N' to 'J'
DEBUG:enigma:Encrypted RTL letter 'J' to 'Y'
DEBUG:enigma:Encrypted RTL letter 'Y' to 'T'
DEBUG:enigma:Encrypted RTL letter 'T' to 'W'
DEBUG:enigma:Encrypted LTR letter 'W' to 'K'
DEBUG:enigma:Encrypted LTR letter 'K' to 'B'
DEBUG:enigma:Encrypted LTR letter 'B' to 'J'
DEBUG:enigma:Encrypted LTR letter 'J' to 'T'
DEBUG:enigma:Encrypted LTR letter 'T' to 'D'
DEBUG:enigma:Rotor 'N' to 'D'
DEBUG:enigma:Plug board 'D' to 'D'

DEBUG:enigma:Plug board 'S' to 'T'
DEBUG:enigma:Rotor 'I' turn 'K' to 'L'
DEBUG:enigma:Encrypted RTL letter 'T' to 'X'
DEBUG:enigma:Encrypted RTL letter 'X' to 'T'
DEBUG:enigma:Encrypted RTL letter 'T' to 'M'
DEBUG:enigma:Encrypted RTL letter 'M' to 'O'
DEBUG:enigma:Encrypted LTR letter 'O' to 'Q'
DEBUG:enigma:Encrypted LTR letter 'Q' to 'I'
DEBUG:enigma:Encrypted LTR letter 'I' to 'X'
DEBUG:enigma:Encrypted LTR letter 'X' to 'A'
DEBUG:enigma:Encrypted LTR letter 'A' to 'I'
DEBUG:enigma:Rotor 'T' to 'I'
DEBUG:enigma:Plug board 'I' to 'U'

DEBUG:enigma:Plug board 'R' to 'O'
DEBUG:enigma:Rotor 'I' turn 'L' to 'M'
DEBUG:enigma:Encrypted RTL letter 'O' to 'T'
DEBUG:enigma:Encrypted RTL letter 'T' to 'J'
DEBUG:enigma:Encrypted RTL letter 'J' to 'B'
DEBUG:enigma:Encrypted RTL letter 'B' to 'K'
DEBUG:enigma:Encrypted LTR letter 'K' to 'W'
DEBUG:enigma:Encrypted LTR letter 'W' to 'T'
DEBUG:enigma:Encrypted LTR letter 'T' to 'Y'
DEBUG:enigma:Encrypted LTR letter 'Y' to 'J'
DEBUG:enigma:Encrypted LTR letter 'J' to 'P'
DEBUG:enigma:Rotor 'O' to 'P'
DEBUG:enigma:Plug board 'P' to 'C'

DEBUG:enigma:Plug board 'N' to 'B'
DEBUG:enigma:Rotor 'I' turn 'M' to 'N'
DEBUG:enigma:Encrypted RTL letter 'B' to 'E'
DEBUG:enigma:Encrypted RTL letter 'E' to 'R'
DEBUG:enigma:Encrypted RTL letter 'R' to 'H'
DEBUG:enigma:Encrypted RTL letter 'H' to 'X'
DEBUG:enigma:Encrypted LTR letter 'X' to 'H'
DEBUG:enigma:Encrypted LTR letter 'H' to 'X'
DEBUG:enigma:Encrypted LTR letter 'X' to 'Z'
DEBUG:enigma:Encrypted LTR letter 'Z' to 'W'
DEBUG:enigma:Encrypted LTR letter 'W' to 'U'
DEBUG:enigma:Rotor 'B' to 'U'
DEBUG:enigma:Plug board 'U' to 'I'

DEBUG:enigma:Plug board 'W' to 'W'
DEBUG:enigma:Rotor 'I' turn 'N' to 'O'
DEBUG:enigma:Encrypted RTL letter 'W' to 'T'
DEBUG:enigma:Encrypted RTL letter 'T' to 'J'
DEBUG:enigma:Encrypted RTL letter 'J' to 'B'
DEBUG:enigma:Encrypted RTL letter 'B' to 'K'
DEBUG:enigma:Encrypted LTR letter 'K' to 'W'
DEBUG:enigma:Encrypted LTR letter 'W' to 'T'
DEBUG:enigma:Encrypted LTR letter 'T' to 'Y'
DEBUG:enigma:Encrypted LTR letter 'Y' to 'J'
DEBUG:enigma:Encrypted LTR letter 'J' to 'B'
DEBUG:enigma:Rotor 'W' to 'B'
DEBUG:enigma:Plug board 'B' to 'N'

DEBUG:enigma:Plug board 'C' to 'P'
DEBUG:enigma:Rotor 'I' turn 'O' to 'P'
DEBUG:enigma:Encrypted RTL letter 'P' to 'T'
DEBUG:enigma:Encrypted RTL letter 'T' to 'J'
DEBUG:enigma:Encrypted RTL letter 'J' to 'B'
DEBUG:enigma:Encrypted RTL letter 'B' to 'K'
DEBUG:enigma:Encrypted LTR letter 'K' to 'W'
DEBUG:enigma:Encrypted LTR letter 'W' to 'T'
DEBUG:enigma:Encrypted LTR letter 'T' to 'Y'
DEBUG:enigma:Encrypted LTR letter 'Y' to 'J'
DEBUG:enigma:Encrypted LTR letter 'J' to 'G'
DEBUG:enigma:Rotor 'P' to 'G'
DEBUG:enigma:Plug board 'G' to 'G'

DEBUG:enigma:Plug board 'S' to 'T'
DEBUG:enigma:Rotor 'I' turn 'P' to 'Q'
DEBUG:enigma:Encrypted RTL letter 'T' to 'U'
DEBUG:enigma:Encrypted RTL letter 'U' to 'N'
DEBUG:enigma:Encrypted RTL letter 'N' to 'V'
DEBUG:enigma:Encrypted RTL letter 'V' to 'L'
DEBUG:enigma:Encrypted LTR letter 'L' to 'F'
DEBUG:enigma:Encrypted LTR letter 'F' to 'O'
DEBUG:enigma:Encrypted LTR letter 'O' to 'S'
DEBUG:enigma:Encrypted LTR letter 'S' to 'D'
DEBUG:enigma:Encrypted LTR letter 'D' to 'H'
DEBUG:enigma:Rotor 'T' to 'H'
DEBUG:enigma:Plug board 'H' to 'Y'

DEBUG:enigma:Plug board 'Z' to 'X'
DEBUG:enigma:Rotor 'I' turn 'Q' to 'R'
DEBUG:enigma:Rotor 'I' trigger next turnover
DEBUG:enigma:Rotor 'Beta' turn 'H' to 'I'
DEBUG:enigma:Encrypted RTL letter 'X' to 'A'
DEBUG:enigma:Encrypted RTL letter 'A' to 'H'
DEBUG:enigma:Encrypted RTL letter 'H' to 'N'
DEBUG:enigma:Encrypted RTL letter 'N' to 'R'
DEBUG:enigma:Encrypted LTR letter 'R' to 'N'
DEBUG:enigma:Encrypted LTR letter 'N' to 'U'
DEBUG:enigma:Encrypted LTR letter 'U' to 'P'
DEBUG:enigma:Encrypted LTR letter 'P' to 'Y'
DEBUG:enigma:Encrypted LTR letter 'Y' to 'R'
DEBUG:enigma:Rotor 'X' to 'R'
DEBUG:enigma:Plug board 'R' to 'O'

DEBUG:enigma:Plug board 'X' to 'Z'
DEBUG:enigma:Rotor 'I' turn 'R' to 'S'
DEBUG:enigma:Encrypted RTL letter 'Z' to 'I'
DEBUG:enigma:Encrypted RTL letter 'I' to 'X'
DEBUG:enigma:Encrypted RTL letter 'X' to 'I'
DEBUG:enigma:Encrypted RTL letter 'I' to 'Q'
DEBUG:enigma:Encrypted LTR letter 'Q' to 'O'
DEBUG:enigma:Encrypted LTR letter 'O' to 'M'
DEBUG:enigma:Encrypted LTR letter 'M' to 'T'
DEBUG:enigma:Encrypted LTR letter 'T' to 'N'
DEBUG:enigma:Encrypted LTR letter 'N' to 'I'
DEBUG:enigma:Rotor 'Z' to 'I'
DEBUG:enigma:Plug board 'I' to 'U'

DEBUG:enigma:Plug board 'Q' to 'A'
DEBUG:enigma:Rotor 'I' turn 'S' to 'T'
DEBUG:enigma:Encrypted RTL letter 'A' to 'S'
DEBUG:enigma:Encrypted RTL letter 'S' to 'I'
DEBUG:enigma:Encrypted RTL letter 'I' to 'Q'
DEBUG:enigma:Encrypted RTL letter 'Q' to 'I'
DEBUG:enigma:Encrypted LTR letter 'I' to 'V'
DEBUG:enigma:Encrypted LTR letter 'V' to 'Y'
DEBUG:enigma:Encrypted LTR letter 'Y' to 'O'
DEBUG:enigma:Encrypted LTR letter 'O' to 'Q'
DEBUG:enigma:Encrypted LTR letter 'Q' to 'O'
DEBUG:enigma:Rotor 'A' to 'O'
DEBUG:enigma:Plug board 'O' to 'R'

DEBUG:enigma:Plug board 'O' to 'R'
DEBUG:enigma:Rotor 'I' turn 'T' to 'U'
DEBUG:enigma:Encrypted RTL letter 'R' to 'A'
DEBUG:enigma:Encrypted RTL letter 'A' to 'H'
DEBUG:enigma:Encrypted RTL letter 'H' to 'N'
DEBUG:enigma:Encrypted RTL letter 'N' to 'R'
DEBUG:enigma:Encrypted LTR letter 'R' to 'N'
DEBUG:enigma:Encrypted LTR letter 'N' to 'U'
DEBUG:enigma:Encrypted LTR letter 'U' to 'P'
DEBUG:enigma:Encrypted LTR letter 'P' to 'Y'
DEBUG:enigma:Encrypted LTR letter 'Y' to 'W'
DEBUG:enigma:Rotor 'R' to 'W'
DEBUG:enigma:Plug board 'W' to 'W'

DEBUG:enigma:Plug board 'L' to 'L'
DEBUG:enigma:Rotor 'I' turn 'U' to 'V'
DEBUG:enigma:Encrypted RTL letter 'L' to 'V'
DEBUG:enigma:Encrypted RTL letter 'V' to 'Y'
DEBUG:enigma:Encrypted RTL letter 'Y' to 'T'
DEBUG:enigma:Encrypted RTL letter 'T' to 'W'
DEBUG:enigma:Encrypted LTR letter 'W' to 'K'
DEBUG:enigma:Encrypted LTR letter 'K' to 'B'
DEBUG:enigma:Encrypted LTR letter 'B' to 'J'
DEBUG:enigma:Encrypted LTR letter 'J' to 'E'
DEBUG:enigma:Encrypted LTR letter 'E' to 'R'
DEBUG:enigma:Rotor 'L' to 'R'
DEBUG:enigma:Plug board 'R' to 'O'

DEBUG:enigma:Plug board 'B' to 'N'
DEBUG:enigma:Rotor 'I' turn 'V' to 'W'
DEBUG:enigma:Encrypted RTL letter 'N' to 'O'
DEBUG:enigma:Encrypted RTL letter 'O' to 'A'
DEBUG:enigma:Encrypted RTL letter 'A' to 'Z'
DEBUG:enigma:Encrypted RTL letter 'Z' to 'E'
DEBUG:enigma:Encrypted LTR letter 'E' to 'A'
DEBUG:enigma:Encrypted LTR letter 'A' to 'D'
DEBUG:enigma:Encrypted LTR letter 'D' to 'U'
DEBUG:enigma:Encrypted LTR letter 'U' to 'L'
DEBUG:enigma:Encrypted LTR letter 'L' to 'O'
DEBUG:enigma:Rotor 'N' to 'O'
DEBUG:enigma:Plug board 'O' to 'R'

DEBUG:enigma:Plug board 'N' to 'B'
DEBUG:enigma:Rotor 'I' turn 'W' to 'X'
DEBUG:enigma:Encrypted RTL letter 'B' to 'H'
DEBUG:enigma:Encrypted RTL letter 'H' to 'G'
DEBUG:enigma:Encrypted RTL letter 'G' to 'S'
DEBUG:enigma:Encrypted RTL letter 'S' to 'M'
DEBUG:enigma:Encrypted LTR letter 'M' to 'C'
DEBUG:enigma:Encrypted LTR letter 'C' to 'R'
DEBUG:enigma:Encrypted LTR letter 'R' to 'E'
DEBUG:enigma:Encrypted LTR letter 'E' to 'M'
DEBUG:enigma:Encrypted LTR letter 'M' to 'K'
DEBUG:enigma:Rotor 'B' to 'K'
DEBUG:enigma:Plug board 'K' to 'K'

DEBUG:enigma:Plug board 'X' to 'Z'
DEBUG:enigma:Rotor 'I' turn 'X' to 'Y'
DEBUG:enigma:Encrypted RTL letter 'Z' to 'V'
DEBUG:enigma:Encrypted RTL letter 'V' to 'Y'
DEBUG:enigma:Encrypted RTL letter 'Y' to 'T'
DEBUG:enigma:Encrypted RTL letter 'T' to 'W'
DEBUG:enigma:Encrypted LTR letter 'W' to 'K'
DEBUG:enigma:Encrypted LTR letter 'K' to 'B'
DEBUG:enigma:Encrypted LTR letter 'B' to 'J'
DEBUG:enigma:Encrypted LTR letter 'J' to 'E'
DEBUG:enigma:Encrypted LTR letter 'E' to 'U'
DEBUG:enigma:Rotor 'Z' to 'U'
DEBUG:enigma:Plug board 'U' to 'I'

DEBUG:enigma:Plug board 'Y' to 'H'
DEBUG:enigma:Rotor 'I' turn 'Y' to 'Z'
DEBUG:enigma:Encrypted RTL letter 'H' to 'R'
DEBUG:enigma:Encrypted RTL letter 'R' to 'B'
DEBUG:enigma:Encrypted RTL letter 'B' to 'P'
DEBUG:enigma:Encrypted RTL letter 'P' to 'B'
DEBUG:enigma:Encrypted LTR letter 'B' to 'J'
DEBUG:enigma:Encrypted LTR letter 'J' to 'L'
DEBUG:enigma:Encrypted LTR letter 'L' to 'K'
DEBUG:enigma:Encrypted LTR letter 'K' to 'G'
DEBUG:enigma:Encrypted LTR letter 'G' to 'B'
DEBUG:enigma:Rotor 'H' to 'B'
DEBUG:enigma:Plug board 'B' to 'N'

DEBUG:enigma:Plug board 'A' to 'Q'
DEBUG:enigma:Rotor 'I' turn 'Z' to 'A'
DEBUG:enigma:Encrypted RTL letter 'Q' to 'S'
DEBUG:enigma:Encrypted RTL letter 'S' to 'I'
DEBUG:enigma:Encrypted RTL letter 'I' to 'Q'
DEBUG:enigma:Encrypted RTL letter 'Q' to 'I'
DEBUG:enigma:Encrypted LTR letter 'I' to 'V'
DEBUG:enigma:Encrypted LTR letter 'V' to 'Y'
DEBUG:enigma:Encrypted LTR letter 'Y' to 'O'
DEBUG:enigma:Encrypted LTR letter 'O' to 'Q'
DEBUG:enigma:Encrypted LTR letter 'Q' to 'G'
DEBUG:enigma:Rotor 'Q' to 'G'
DEBUG:enigma:Plug board 'G' to 'G'

DEBUG:enigma:Plug board 'X' to 'Z'
DEBUG:enigma:Rotor 'I' turn 'A' to 'B'
DEBUG:enigma:Encrypted RTL letter 'Z' to 'E'
DEBUG:enigma:Encrypted RTL letter 'E' to 'J'
DEBUG:enigma:Encrypted RTL letter 'J' to 'B'
DEBUG:enigma:Encrypted RTL letter 'B' to 'K'
DEBUG:enigma:Encrypted LTR letter 'K' to 'W'
DEBUG:enigma:Encrypted LTR letter 'W' to 'T'
DEBUG:enigma:Encrypted LTR letter 'T' to 'Y'
DEBUG:enigma:Encrypted LTR letter 'Y' to 'V'
DEBUG:enigma:Encrypted LTR letter 'V' to 'V'
DEBUG:enigma:Rotor 'Z' to 'V'
DEBUG:enigma:Plug board 'V' to 'E'

DEBUG:enigma:Plug board 'V' to 'E'
DEBUG:enigma:Rotor 'I' turn 'B' to 'C'
DEBUG:enigma:Encrypted RTL letter 'E' to 'O'
DEBUG:enigma:Encrypted RTL letter 'O' to 'A'
DEBUG:enigma:Encrypted RTL letter 'A' to 'Z'
DEBUG:enigma:Encrypted RTL letter 'Z' to 'E'
DEBUG:enigma:Encrypted LTR letter 'E' to 'A'
DEBUG:enigma:Encrypted LTR letter 'A' to 'D'
DEBUG:enigma:Encrypted LTR letter 'D' to 'U'
DEBUG:enigma:Encrypted LTR letter 'U' to 'L'
DEBUG:enigma:Encrypted LTR letter 'L' to 'B'
DEBUG:enigma:Rotor 'E' to 'B'
DEBUG:enigma:Plug board 'B' to 'N'

DEBUG:enigma:Plug board 'H' to 'Y'
DEBUG:enigma:Rotor 'I' turn 'C' to 'D'
DEBUG:enigma:Encrypted RTL letter 'Y' to 'S'
DEBUG:enigma:Encrypted RTL letter 'S' to 'I'
DEBUG:enigma:Encrypted RTL letter 'I' to 'Q'
DEBUG:enigma:Encrypted RTL letter 'Q' to 'I'
DEBUG:enigma:Encrypted LTR letter 'I' to 'V'
DEBUG:enigma:Encrypted LTR letter 'V' to 'Y'
DEBUG:enigma:Encrypted LTR letter 'Y' to 'O'
DEBUG:enigma:Encrypted LTR letter 'O' to 'Q'
DEBUG:enigma:Encrypted LTR letter 'Q' to 'U'
DEBUG:enigma:Rotor 'Y' to 'U'
DEBUG:enigma:Plug board 'U' to 'I'

DEBUG:enigma:Plug board 'O' to 'R'
DEBUG:enigma:Rotor 'I' turn 'D' to 'E'
DEBUG:enigma:Encrypted RTL letter 'R' to 'U'
DEBUG:enigma:Encrypted RTL letter 'U' to 'F'
DEBUG:enigma:Encrypted RTL letter 'F' to 'W'
DEBUG:enigma:Encrypted RTL letter 'W' to 'D'
DEBUG:enigma:Encrypted LTR letter 'D' to 'Z'
DEBUG:enigma:Encrypted LTR letter 'Z' to 'K'
DEBUG:enigma:Encrypted LTR letter 'K' to 'Q'
DEBUG:enigma:Encrypted LTR letter 'Q' to 'D'
DEBUG:enigma:Encrypted LTR letter 'D' to 'G'
DEBUG:enigma:Rotor 'R' to 'G'
DEBUG:enigma:Plug board 'G' to 'G'

DEBUG:enigma:Plug board 'G' to 'G'
DEBUG:enigma:Rotor 'I' turn 'E' to 'F'
DEBUG:enigma:Encrypted RTL letter 'G' to 'P'
DEBUG:enigma:Encrypted RTL letter 'P' to 'Z'
DEBUG:enigma:Encrypted RTL letter 'Z' to 'X'
DEBUG:enigma:Encrypted RTL letter 'X' to 'H'
DEBUG:enigma:Encrypted LTR letter 'H' to 'X'
DEBUG:enigma:Encrypted LTR letter 'X' to 'H'
DEBUG:enigma:Encrypted LTR letter 'H' to 'R'
DEBUG:enigma:Encrypted LTR letter 'R' to 'C'
DEBUG:enigma:Encrypted LTR letter 'C' to 'F'
DEBUG:enigma:Rotor 'G' to 'F'
DEBUG:enigma:Plug board 'F' to 'M'

DEBUG:enigma:Plug board 'C' to 'P'
DEBUG:enigma:Rotor 'I' turn 'F' to 'G'
DEBUG:enigma:Encrypted RTL letter 'P' to 'S'
DEBUG:enigma:Encrypted RTL letter 'S' to 'I'
DEBUG:enigma:Encrypted RTL letter 'I' to 'Q'
DEBUG:enigma:Encrypted RTL letter 'Q' to 'I'
DEBUG:enigma:Encrypted LTR letter 'I' to 'V'
DEBUG:enigma:Encrypted LTR letter 'V' to 'Y'
DEBUG:enigma:Encrypted LTR letter 'Y' to 'O'
DEBUG:enigma:Encrypted LTR letter 'O' to 'Q'
DEBUG:enigma:Encrypted LTR letter 'Q' to 'Q'
DEBUG:enigma:Rotor 'P' to 'Q'
DEBUG:enigma:Plug board 'Q' to 'A'

DEBUG:enigma:Plug board 'U' to 'I'
DEBUG:enigma:Rotor 'I' turn 'G' to 'H'
DEBUG:enigma:Encrypted RTL letter 'I' to 'Q'
DEBUG:enigma:Encrypted RTL letter 'Q' to 'O'
DEBUG:enigma:Encrypted RTL letter 'O' to 'Y'
DEBUG:enigma:Encrypted RTL letter 'Y' to 'V'
DEBUG:enigma:Encrypted LTR letter 'V' to 'I'
DEBUG:enigma:Encrypted LTR letter 'I' to 'Q'
DEBUG:enigma:Encrypted LTR letter 'Q' to 'I'
DEBUG:enigma:Encrypted LTR letter 'I' to 'S'
DEBUG:enigma:Encrypted LTR letter 'S' to 'F'
DEBUG:enigma:Rotor 'I' to 'F'
DEBUG:enigma:Plug board 'F' to 'M'

DEBUG:enigma:Plug board 'U' to 'I'
DEBUG:enigma:Rotor 'I' turn 'H' to 'I'
DEBUG:enigma:Encrypted RTL letter 'I' to 'K'
DEBUG:enigma:Encrypted RTL letter 'K' to 'N'
DEBUG:enigma:Encrypted RTL letter 'N' to 'V'
DEBUG:enigma:Encrypted RTL letter 'V' to 'L'
DEBUG:enigma:Encrypted LTR letter 'L' to 'F'
DEBUG:enigma:Encrypted LTR letter 'F' to 'O'
DEBUG:enigma:Encrypted LTR letter 'O' to 'S'
DEBUG:enigma:Encrypted LTR letter 'S' to 'W'
DEBUG:enigma:Encrypted LTR letter 'W' to 'Q'
DEBUG:enigma:Rotor 'I' to 'Q'
DEBUG:enigma:Plug board 'Q' to 'A'

DEBUG:enigma:Plug board 'I' to 'U'
DEBUG:enigma:Rotor 'I' turn 'I' to 'J'
DEBUG:enigma:Encrypted RTL letter 'U' to 'E'
DEBUG:enigma:Encrypted RTL letter 'E' to 'J'
DEBUG:enigma:Encrypted RTL letter 'J' to 'B'
DEBUG:enigma:Encrypted RTL letter 'B' to 'K'
DEBUG:enigma:Encrypted LTR letter 'K' to 'W'
DEBUG:enigma:Encrypted LTR letter 'W' to 'T'
DEBUG:enigma:Encrypted LTR letter 'T' to 'Y'
DEBUG:enigma:Encrypted LTR letter 'Y' to 'V'
DEBUG:enigma:Encrypted LTR letter 'V' to 'P'
DEBUG:enigma:Rotor 'U' to 'P'
DEBUG:enigma:Plug board 'P' to 'C'

DEBUG:enigma:Plug board 'B' to 'N'
DEBUG:enigma:Rotor 'I' turn 'J' to 'K'
DEBUG:enigma:Encrypted RTL letter 'N' to 'J'
DEBUG:enigma:Encrypted RTL letter 'J' to 'L'
DEBUG:enigma:Encrypted RTL letter 'L' to 'F'
DEBUG:enigma:Encrypted RTL letter 'F' to 'G'
DEBUG:enigma:Encrypted LTR letter 'G' to 'Y'
DEBUG:enigma:Encrypted LTR letter 'Y' to 'C'
DEBUG:enigma:Encrypted LTR letter 'C' to 'V'
DEBUG:enigma:Encrypted LTR letter 'V' to 'F'
DEBUG:enigma:Encrypted LTR letter 'F' to 'Y'
DEBUG:enigma:Rotor 'N' to 'Y'
DEBUG:enigma:Plug board 'Y' to 'H'

DEBUG:enigma:Plug board 'C' to 'P'
DEBUG:enigma:Rotor 'I' turn 'K' to 'L'
DEBUG:enigma:Encrypted RTL letter 'P' to 'U'
DEBUG:enigma:Encrypted RTL letter 'U' to 'F'
DEBUG:enigma:Encrypted RTL letter 'F' to 'W'
DEBUG:enigma:Encrypted RTL letter 'W' to 'D'
DEBUG:enigma:Encrypted LTR letter 'D' to 'Z'
DEBUG:enigma:Encrypted LTR letter 'Z' to 'K'
DEBUG:enigma:Encrypted LTR letter 'K' to 'Q'
DEBUG:enigma:Encrypted LTR letter 'Q' to 'D'
DEBUG:enigma:Encrypted LTR letter 'D' to 'U'
DEBUG:enigma:Rotor 'P' to 'U'
DEBUG:enigma:Plug board 'U' to 'I'

DEBUG:enigma:Plug board 'V' to 'E'
DEBUG:enigma:Rotor 'I' turn 'L' to 'M'
DEBUG:enigma:Encrypted RTL letter 'E' to 'G'
DEBUG:enigma:Encrypted RTL letter 'G' to 'K'
DEBUG:enigma:Encrypted RTL letter 'K' to 'L'
DEBUG:enigma:Encrypted RTL letter 'L' to 'J'
DEBUG:enigma:Encrypted LTR letter 'J' to 'B'
DEBUG:enigma:Encrypted LTR letter 'B' to 'P'
DEBUG:enigma:Encrypted LTR letter 'P' to 'B'
DEBUG:enigma:Encrypted LTR letter 'B' to 'R'
DEBUG:enigma:Encrypted LTR letter 'R' to 'B'
DEBUG:enigma:Rotor 'E' to 'B'
DEBUG:enigma:Plug board 'B' to 'N'

DEBUG:enigma:Plug board 'M' to 'F'
DEBUG:enigma:Rotor 'I' turn 'M' to 'N'
DEBUG:enigma:Encrypted RTL letter 'F' to 'P'
DEBUG:enigma:Encrypted RTL letter 'P' to 'Z'
DEBUG:enigma:Encrypted RTL letter 'Z' to 'X'
DEBUG:enigma:Encrypted RTL letter 'X' to 'H'
DEBUG:enigma:Encrypted LTR letter 'H' to 'X'
DEBUG:enigma:Encrypted LTR letter 'X' to 'H'
DEBUG:enigma:Encrypted LTR letter 'H' to 'R'
DEBUG:enigma:Encrypted LTR letter 'R' to 'C'
DEBUG:enigma:Encrypted LTR letter 'C' to 'V'
DEBUG:enigma:Rotor 'F' to 'V'
DEBUG:enigma:Plug board 'V' to 'E'

DEBUG:enigma:Plug board 'P' to 'C'
DEBUG:enigma:Rotor 'I' turn 'N' to 'O'
DEBUG:enigma:Encrypted RTL letter 'C' to 'E'
DEBUG:enigma:Encrypted RTL letter 'E' to 'J'
DEBUG:enigma:Encrypted RTL letter 'J' to 'B'
DEBUG:enigma:Encrypted RTL letter 'B' to 'K'
DEBUG:enigma:Encrypted LTR letter 'K' to 'W'
DEBUG:enigma:Encrypted LTR letter 'W' to 'T'
DEBUG:enigma:Encrypted LTR letter 'T' to 'Y'
DEBUG:enigma:Encrypted LTR letter 'Y' to 'V'
DEBUG:enigma:Encrypted LTR letter 'V' to 'T'
DEBUG:enigma:Rotor 'C' to 'T'
DEBUG:enigma:Plug board 'T' to 'S'

DEBUG:enigma:Plug board 'U' to 'I'
DEBUG:enigma:Rotor 'I' turn 'O' to 'P'
DEBUG:enigma:Encrypted RTL letter 'I' to 'E'
DEBUG:enigma:Encrypted RTL letter 'E' to 'J'
DEBUG:enigma:Encrypted RTL letter 'J' to 'B'
DEBUG:enigma:Encrypted RTL letter 'B' to 'K'
DEBUG:enigma:Encrypted LTR letter 'K' to 'W'
DEBUG:enigma:Encrypted LTR letter 'W' to 'T'
DEBUG:enigma:Encrypted LTR letter 'T' to 'Y'
DEBUG:enigma:Encrypted LTR letter 'Y' to 'V'
DEBUG:enigma:Encrypted LTR letter 'V' to 'U'
DEBUG:enigma:Rotor 'I' to 'U'
DEBUG:enigma:Plug board 'U' to 'I'

DEBUG:enigma:Plug board 'Z' to 'X'
DEBUG:enigma:Rotor 'I' turn 'P' to 'Q'
DEBUG:enigma:Encrypted RTL letter 'X' to 'N'
DEBUG:enigma:Encrypted RTL letter 'N' to 'T'
DEBUG:enigma:Encrypted RTL letter 'T' to 'M'
DEBUG:enigma:Encrypted RTL letter 'M' to 'O'
DEBUG:enigma:Encrypted LTR letter 'O' to 'Q'
DEBUG:enigma:Encrypted LTR letter 'Q' to 'I'
DEBUG:enigma:Encrypted LTR letter 'I' to 'X'
DEBUG:enigma:Encrypted LTR letter 'X' to 'I'
DEBUG:enigma:Encrypted LTR letter 'I' to 'F'
DEBUG:enigma:Rotor 'X' to 'F'
DEBUG:enigma:Plug board 'F' to 'M'

DEBUG:enigma:Plug board 'Y' to 'H'
DEBUG:enigma:Rotor 'I' turn 'Q' to 'R'
DEBUG:enigma:Rotor 'I' trigger next turnover
DEBUG:enigma:Rotor 'Beta' turn 'I' to 'J'
DEBUG:enigma:Encrypted RTL letter 'H' to 'N'
DEBUG:enigma:Encrypted RTL letter 'N' to 'Z'
DEBUG:enigma:Encrypted RTL letter 'Z' to 'X'
DEBUG:enigma:Encrypted RTL letter 'X' to 'H'
DEBUG:enigma:Encrypted LTR letter 'H' to 'X'
DEBUG:enigma:Encrypted LTR letter 'X' to 'H'
DEBUG:enigma:Encrypted LTR letter 'H' to 'R'
DEBUG:enigma:Encrypted LTR letter 'R' to 'V'
DEBUG:enigma:Encrypted LTR letter 'V' to 'I'
DEBUG:enigma:Rotor 'H' to 'I'
DEBUG:enigma:Plug board 'I' to 'U'

DEBUG:enigma:Plug board 'U' to 'I'
DEBUG:enigma:Rotor 'I' turn 'R' to 'S'
DEBUG:enigma:Encrypted RTL letter 'I' to 'N'
DEBUG:enigma:Encrypted RTL letter 'N' to 'Z'
DEBUG:enigma:Encrypted RTL letter 'Z' to 'X'
DEBUG:enigma:Encrypted RTL letter 'X' to 'H'
DEBUG:enigma:Encrypted LTR letter 'H' to 'X'
DEBUG:enigma:Encrypted LTR letter 'X' to 'H'
DEBUG:enigma:Encrypted LTR letter 'H' to 'R'
DEBUG:enigma:Encrypted LTR letter 'R' to 'V'
DEBUG:enigma:Encrypted LTR letter 'V' to 'L'
DEBUG:enigma:Rotor 'I' to 'L'
DEBUG:enigma:Plug board 'L' to 'L'

DEBUG:enigma:Plug board 'U' to 'I'
DEBUG:enigma:Rotor 'I' turn 'S' to 'T'
DEBUG:enigma:Encrypted RTL letter 'I' to 'C'
DEBUG:enigma:Encrypted RTL letter 'C' to 'P'
DEBUG:enigma:Encrypted RTL letter 'P' to 'U'
DEBUG:enigma:Encrypted RTL letter 'U' to 'N'
DEBUG:enigma:Encrypted LTR letter 'N' to 'R'
DEBUG:enigma:Encrypted LTR letter 'R' to 'N'
DEBUG:enigma:Encrypted LTR letter 'N' to 'H'
DEBUG:enigma:Encrypted LTR letter 'H' to 'R'
DEBUG:enigma:Encrypted LTR letter 'R' to 'Q'
DEBUG:enigma:Rotor 'I' to 'Q'
DEBUG:enigma:Plug board 'Q' to 'A'

DEBUG:enigma:Plug board 'K' to 'K'
DEBUG:enigma:Rotor 'I' turn 'T' to 'U'
DEBUG:enigma:Encrypted RTL letter 'K' to 'O'
DEBUG:enigma:Encrypted RTL letter 'O' to 'Y'
DEBUG:enigma:Encrypted RTL letter 'Y' to 'T'
DEBUG:enigma:Encrypted RTL letter 'T' to 'W'
DEBUG:enigma:Encrypted LTR letter 'W' to 'K'
DEBUG:enigma:Encrypted LTR letter 'K' to 'B'
DEBUG:enigma:Encrypted LTR letter 'B' to 'J'
DEBUG:enigma:Encrypted LTR letter 'J' to 'F'
DEBUG:enigma:Encrypted LTR letter 'F' to 'S'
DEBUG:enigma:Rotor 'K' to 'S'
DEBUG:enigma:Plug board 'S' to 'T'

DEBUG:enigma:Plug board 'H' to 'Y'
DEBUG:enigma:Rotor 'I' turn 'U' to 'V'
DEBUG:enigma:Encrypted RTL letter 'Y' to 'Q'
DEBUG:enigma:Encrypted RTL letter 'Q' to 'A'
DEBUG:enigma:Encrypted RTL letter 'A' to 'Z'
DEBUG:enigma:Encrypted RTL letter 'Z' to 'E'
DEBUG:enigma:Encrypted LTR letter 'E' to 'A'
DEBUG:enigma:Encrypted LTR letter 'A' to 'D'
DEBUG:enigma:Encrypted LTR letter 'D' to 'U'
DEBUG:enigma:Encrypted LTR letter 'U' to 'E'
DEBUG:enigma:Encrypted LTR letter 'E' to 'R'
DEBUG:enigma:Rotor 'Y' to 'R'
DEBUG:enigma:Plug board 'R' to 'O'

DEBUG:enigma:Plug board 'I' to 'U'
DEBUG:enigma:Rotor 'I' turn 'V' to 'W'
DEBUG:enigma:Encrypted RTL letter 'U' to 'W'
DEBUG:enigma:Encrypted RTL letter 'W' to 'C'
DEBUG:enigma:Encrypted RTL letter 'C' to 'E'
DEBUG:enigma:Encrypted RTL letter 'E' to 'S'
DEBUG:enigma:Encrypted LTR letter 'S' to 'T'
DEBUG:enigma:Encrypted LTR letter 'T' to 'G'
DEBUG:enigma:Encrypted LTR letter 'G' to 'D'
DEBUG:enigma:Encrypted LTR letter 'D' to 'L'
DEBUG:enigma:Encrypted LTR letter 'L' to 'O'
DEBUG:enigma:Rotor 'U' to 'O'
DEBUG:enigma:Plug board 'O' to 'R'

DEBUG:enigma:Encrypted message 'CONGRATULATIONSONPRODUCINGYOURWORKINGENIGMAMACHINESIMULATOR'
