DEBUG:enigma:Encrypting message 'CAKESANDCO'
DEBUG:enigma:Plug board 'C' to 'G'
DEBUG:enigma:Rotor 'V' turn 'M' to 'N'
DEBUG:enigma:Encrypted RTL letter 'G' to 'T'
DEBUG:enigma:Encrypted RTL letter 'T' to 'K'
DEBUG:enigma:Encrypted RTL letter 'K' to 'Q'
DEBUG:enigma:Encrypted LTR letter 'Q' to 'O'
DEBUG:enigma:Encrypted LTR letter 'O' to 'Z'
DEBUG:enigma:Encrypted LTR letter 'Z' to 'B'
DEBUG:enigma:Encrypted LTR letter 'B' to 'C'
DEBUG:enigma:Rotor 'G' to 'C'
DEBUG:enigma:Plug board 'C' to 'G'

DEBUG:enigma:Plug board 'A' to 'A'
DEBUG:enigma:Rotor 'V' turn 'N' to 'O'
DEBUG:enigma:Encrypted RTL letter 'A' to 'Y'
DEBUG:enigma:Encrypted RTL letter 'Y' to 'M'
DEBUG:enigma:Encrypted RTL letter 'M' to 'W'
DEBUG:enigma:Encrypted LTR letter 'W' to 'K'
DEBUG:enigma:Encrypted LTR letter 'K' to 'H'
DEBUG:enigma:Encrypted LTR letter 'H' to 'L'
DEBUG:enigma:Encrypted LTR letter 'L' to 'R'
DEBUG:enigma:Rotor 'A' to 'R'
DEBUG:enigma:Plug board 'R' to 'J'

DEBUG:enigma:Plug board 'K' to 'K'
DEBUG:enigma:Rotor 'V' turn 'O' to 'P'
DEBUG:enigma:Encrypted RTL letter 'K' to 'L'
DEBUG:enigma:Encrypted RTL letter 'L' to 'H'
DEBUG:enigma:Encrypted RTL letter 'H' to 'K'
DEBUG:enigma:Encrypted LTR letter 'K' to 'W'
DEBUG:enigma:Encrypted LTR letter 'W' to 'M'
DEBUG:enigma:Encrypted LTR letter 'M' to 'Y'
DEBUG:enigma:Encrypted LTR letter 'Y' to 'O'
DEBUG:enigma:Rotor 'K' to 'O'
DEBUG:enigma:Plug board 'O' to 'O'

DEBUG:enigma:Plug board 'E' to 'E'
DEBUG:enigma:Rotor 'V' turn 'P' to 'Q'
DEBUG:enigma:Encrypted RTL letter 'E' to 'V'
DEBUG:enigma:Encrypted RTL letter 'V' to 'C'
DEBUG:enigma:Encrypted RTL letter 'C' to 'S'
DEBUG:enigma:Encrypted LTR letter 'S' to 'T'
DEBUG:enigma:Encrypted LTR letter 'T' to 'W'
DEBUG:enigma:Encrypted LTR letter 'W' to 'Z'
DEBUG:enigma:Encrypted LTR letter 'Z' to 'V'
DEBUG:enigma:Rotor 'E' to 'V'
DEBUG:enigma:Plug board 'V' to 'F'

DEBUG:enigma:Plug board 'S' to 'B'
DEBUG:enigma:Rotor 'V' turn 'Q' to 'R'
DEBUG:enigma:Encrypted RTL letter 'B' to 'E'
DEBUG:enigma:Encrypted RTL letter 'E' to 'L'
DEBUG:enigma:Encrypted RTL letter 'L' to 'X'
DEBUG:enigma:Encrypted LTR letter 'X' to 'H'
DEBUG:enigma:Encrypted LTR letter 'H' to 'D'
DEBUG:enigma:Encrypted LTR letter 'D' to 'J'
DEBUG:enigma:Encrypted LTR letter 'J' to 'I'
DEBUG:enigma:Rotor 'B' to 'I'
DEBUG:enigma:Plug board 'I' to 'I'

DEBUG:enigma:Plug board 'A' to 'A'
DEBUG:enigma:Rotor 'V' turn 'R' to 'S'
DEBUG:enigma:Encrypted RTL letter 'A' to 'D'
DEBUG:enigma:Encrypted RTL letter 'D' to 'T'
DEBUG:enigma:Encrypted RTL letter 'T' to 'P'
DEBUG:enigma:Encrypted LTR letter 'P' to 'U'
DEBUG:enigma:Encrypted LTR letter 'U' to 'F'
DEBUG:enigma:Encrypted LTR letter 'F' to 'X'
DEBUG:enigma:Encrypted LTR letter 'X' to 'T'
DEBUG:enigma:Rotor 'A' to 'T'
DEBUG:enigma:Plug board 'T' to 'T'

DEBUG:enigma:Plug board 'N' to 'H'
DEBUG:enigma:Rotor 'V' turn 'S' to 'T'
DEBUG:enigma:Encrypted RTL letter 'H' to 'B'
DEBUG:enigma:Encrypted RTL letter 'B' to 'Z'
DEBUG:enigma:Encrypted RTL letter 'Z' to 'O'
DEBUG:enigma:Encrypted LTR letter 'O' to 'Q'
DEBUG:enigma:Encrypted LTR letter 'Q' to 'K'
DEBUG:enigma:Encrypted LTR letter 'K' to 'T'
DEBUG:enigma:Encrypted LTR letter 'T' to 'V'
DEBUG:enigma:Rotor 'H' to 'V'
DEBUG:enigma:Plug board 'V' to 'F'

DEBUG:enigma:Plug board 'D' to 'D'
DEBUG:enigma:Rotor 'V' turn 'T' to 'U'
DEBUG:enigma:Encrypted RTL letter 'D' to 'L'
DEBUG:enigma:Encrypted RTL letter 'L' to 'H'
DEBUG:enigma:Encrypted RTL letter 'H' to 'K'
DEBUG:enigma:Encrypted LTR letter 'K' to 'W'
DEBUG:enigma:Encrypted LTR letter 'W' to 'M'
DEBUG:enigma:Encrypted LTR letter 'M' to 'Y'
DEBUG:enigma:Encrypted LTR letter 'Y' to 'P'
DEBUG:enigma:Rotor 'D' to 'P'
DEBUG:enigma:Plug board 'P' to 'W'

DEBUG:enigma:Plug board 'C' to 'G'
DEBUG:enigma:Rotor 'V' turn 'U' to 'V'
DEBUG:enigma:Encrypted RTL letter 'G' to 'D'
DEBUG:enigma:Encrypted RTL letter 'D' to 'T'
DEBUG:enigma:Encrypted RTL letter 'T' to 'P'
DEBUG:enigma:Encrypted LTR letter 'P' to 'U'
DEBUG:enigma:Encrypted LTR letter 'U' to 'F'
DEBUG:enigma:Encrypted LTR letter 'F' to 'X'
DEBUG:enigma:Encrypted LTR letter 'X' to 'O'
DEBUG:enigma:Rotor 'G' to 'O'
DEBUG:enigma:Plug board 'O' to 'O'

DEBUG:enigma:Plug board 'O' to 'O'
DEBUG:enigma:Rotor 'V' turn 'V' to 'W'
DEBUG:enigma:Encrypted RTL letter 'O' to 'V'
DEBUG:enigma:Encrypted RTL letter 'V' to 'C'
DEBUG:enigma:Encrypted RTL letter 'C' to 'S'
DEBUG:enigma:Encrypted LTR letter 'S' to 'T'
DEBUG:enigma:Encrypted LTR letter 'T' to 'W'
DEBUG:enigma:Encrypted LTR letter 'W' to 'Z'
DEBUG:enigma:Encrypted LTR letter 'Z' to 'W'
DEBUG:enigma:Rotor 'O' to 'W'
DEBUG:enigma:Plug board 'W' to 'P'

DEBUG:enigma:Encrypted message 'GJOFITFWOP'
